{"/Users/asadmahmood/Projects/Disaster-Management-System/server/database/index.js": {"path":"/Users/asadmahmood/Projects/Disaster-Management-System/server/database/index.js","statementMap":{"0":{"start":{"line":1,"column":22},"end":{"line":1,"column":42}},"1":{"start":{"line":3,"column":18},"end":{"line":11,"column":1}},"2":{"start":{"line":13,"column":0},"end":{"line":15,"column":3}},"3":{"start":{"line":14,"column":2},"end":{"line":14,"column":38}},"4":{"start":{"line":17,"column":0},"end":{"line":24,"column":5}},"5":{"start":{"line":18,"column":2},"end":{"line":23,"column":3}},"6":{"start":{"line":19,"column":4},"end":{"line":19,"column":35}},"7":{"start":{"line":20,"column":4},"end":{"line":20,"column":65}},"8":{"start":{"line":22,"column":4},"end":{"line":22,"column":63}},"9":{"start":{"line":26,"column":0},"end":{"line":26,"column":27}}},"fnMap":{"0":{"name":"(anonymous_0)","decl":{"start":{"line":13,"column":37},"end":{"line":13,"column":38}},"loc":{"start":{"line":13,"column":43},"end":{"line":15,"column":1}},"line":13},"1":{"name":"(anonymous_1)","decl":{"start":{"line":17,"column":1},"end":{"line":17,"column":2}},"loc":{"start":{"line":17,"column":13},"end":{"line":24,"column":1}},"line":17}},"branchMap":{},"s":{"0":5,"1":5,"2":5,"3":4,"4":5,"5":5,"6":5,"7":4,"8":0,"9":5},"f":{"0":4,"1":5},"b":{},"_coverageSchema":"1a1c01bbd47fc00a2c39e90264f33305004495a9","hash":"39f6239f632a50217210308d6d8205d4f3bcbd5a"}
,"/Users/asadmahmood/Projects/Disaster-Management-System/server/middleware/auth.js": {"path":"/Users/asadmahmood/Projects/Disaster-Management-System/server/middleware/auth.js","statementMap":{"0":{"start":{"line":1,"column":12},"end":{"line":1,"column":35}},"1":{"start":{"line":3,"column":0},"end":{"line":3,"column":22}},"2":{"start":{"line":7,"column":4},"end":{"line":9,"column":5}},"3":{"start":{"line":8,"column":8},"end":{"line":8,"column":24}},"4":{"start":{"line":11,"column":4},"end":{"line":37,"column":5}},"5":{"start":{"line":13,"column":22},"end":{"line":13,"column":48}},"6":{"start":{"line":16,"column":8},"end":{"line":20,"column":9}},"7":{"start":{"line":17,"column":12},"end":{"line":19,"column":15}},"8":{"start":{"line":23,"column":8},"end":{"line":36,"column":9}},"9":{"start":{"line":24,"column":28},"end":{"line":24,"column":68}},"10":{"start":{"line":25,"column":12},"end":{"line":25,"column":36}},"11":{"start":{"line":26,"column":12},"end":{"line":29,"column":13}},"12":{"start":{"line":28,"column":16},"end":{"line":28,"column":78}},"13":{"start":{"line":30,"column":12},"end":{"line":30,"column":19}},"14":{"start":{"line":32,"column":12},"end":{"line":32,"column":29}},"15":{"start":{"line":33,"column":12},"end":{"line":35,"column":15}}},"fnMap":{"0":{"name":"auth","decl":{"start":{"line":5,"column":9},"end":{"line":5,"column":13}},"loc":{"start":{"line":5,"column":26},"end":{"line":38,"column":1}},"line":5},"1":{"name":"(anonymous_1)","decl":{"start":{"line":11,"column":11},"end":{"line":11,"column":12}},"loc":{"start":{"line":11,"column":36},"end":{"line":37,"column":5}},"line":11}},"branchMap":{"0":{"loc":{"start":{"line":5,"column":14},"end":{"line":5,"column":24}},"type":"default-arg","locations":[{"start":{"line":5,"column":22},"end":{"line":5,"column":24}}],"line":5},"1":{"loc":{"start":{"line":7,"column":4},"end":{"line":9,"column":5}},"type":"if","locations":[{"start":{"line":7,"column":4},"end":{"line":9,"column":5}},{"start":{"line":7,"column":4},"end":{"line":9,"column":5}}],"line":7},"2":{"loc":{"start":{"line":16,"column":8},"end":{"line":20,"column":9}},"type":"if","locations":[{"start":{"line":16,"column":8},"end":{"line":20,"column":9}},{"start":{"line":16,"column":8},"end":{"line":20,"column":9}}],"line":16},"3":{"loc":{"start":{"line":26,"column":12},"end":{"line":29,"column":13}},"type":"if","locations":[{"start":{"line":26,"column":12},"end":{"line":29,"column":13}},{"start":{"line":26,"column":12},"end":{"line":29,"column":13}}],"line":26},"4":{"loc":{"start":{"line":26,"column":16},"end":{"line":26,"column":62}},"type":"binary-expr","locations":[{"start":{"line":26,"column":16},"end":{"line":26,"column":28}},{"start":{"line":26,"column":32},"end":{"line":26,"column":62}}],"line":26}},"s":{"0":5,"1":5,"2":20,"3":0,"4":20,"5":7,"6":7,"7":1,"8":6,"9":6,"10":5,"11":5,"12":1,"13":4,"14":1,"15":1},"f":{"0":20,"1":7},"b":{"0":[0],"1":[0,20],"2":[1,6],"3":[1,4],"4":[5,5]},"_coverageSchema":"1a1c01bbd47fc00a2c39e90264f33305004495a9","hash":"74df616df45dc65f8d4a8e168c0b5977f049c04c"}
,"/Users/asadmahmood/Projects/Disaster-Management-System/server/models/event.js": {"path":"/Users/asadmahmood/Projects/Disaster-Management-System/server/models/event.js","statementMap":{"0":{"start":{"line":1,"column":22},"end":{"line":1,"column":42}},"1":{"start":{"line":2,"column":18},"end":{"line":2,"column":40}},"2":{"start":{"line":4,"column":14},"end":{"line":31,"column":2}},"3":{"start":{"line":33,"column":0},"end":{"line":33,"column":23}}},"fnMap":{},"branchMap":{},"s":{"0":5,"1":5,"2":5,"3":5},"f":{},"b":{},"_coverageSchema":"1a1c01bbd47fc00a2c39e90264f33305004495a9","hash":"6a857e352ef672aff82f8596827b8a4b1a9d4c6c"}
,"/Users/asadmahmood/Projects/Disaster-Management-System/server/models/user.js": {"path":"/Users/asadmahmood/Projects/Disaster-Management-System/server/models/user.js","statementMap":{"0":{"start":{"line":1,"column":22},"end":{"line":1,"column":42}},"1":{"start":{"line":2,"column":18},"end":{"line":2,"column":40}},"2":{"start":{"line":4,"column":13},"end":{"line":25,"column":2}},"3":{"start":{"line":27,"column":0},"end":{"line":27,"column":22}}},"fnMap":{},"branchMap":{},"s":{"0":5,"1":5,"2":5,"3":5},"f":{},"b":{},"_coverageSchema":"1a1c01bbd47fc00a2c39e90264f33305004495a9","hash":"f02f4eacbfdf64d9162e8ac7376c3577c019da5a"}
,"/Users/asadmahmood/Projects/Disaster-Management-System/server/routes/admin.js": {"path":"/Users/asadmahmood/Projects/Disaster-Management-System/server/routes/admin.js","statementMap":{"0":{"start":{"line":1,"column":13},"end":{"line":1,"column":42}},"1":{"start":{"line":2,"column":14},"end":{"line":2,"column":40}},"2":{"start":{"line":3,"column":16},"end":{"line":3,"column":34}},"3":{"start":{"line":5,"column":15},"end":{"line":5,"column":31}},"4":{"start":{"line":10,"column":0},"end":{"line":17,"column":3}},"5":{"start":{"line":11,"column":4},"end":{"line":15,"column":6}},"6":{"start":{"line":13,"column":8},"end":{"line":13,"column":27}},"7":{"start":{"line":14,"column":8},"end":{"line":14,"column":71}},"8":{"start":{"line":22,"column":0},"end":{"line":38,"column":61}},"9":{"start":{"line":23,"column":86},"end":{"line":23,"column":94}},"10":{"start":{"line":25,"column":29},"end":{"line":28,"column":5}},"11":{"start":{"line":27,"column":12},"end":{"line":27,"column":40}},"12":{"start":{"line":30,"column":4},"end":{"line":31,"column":61}},"13":{"start":{"line":31,"column":8},"end":{"line":31,"column":60}},"14":{"start":{"line":33,"column":19},"end":{"line":33,"column":105}},"15":{"start":{"line":34,"column":21},"end":{"line":36,"column":67}},"16":{"start":{"line":35,"column":8},"end":{"line":35,"column":36}},"17":{"start":{"line":36,"column":8},"end":{"line":36,"column":64}},"18":{"start":{"line":38,"column":4},"end":{"line":38,"column":58}},"19":{"start":{"line":38,"column":20},"end":{"line":38,"column":58}},"20":{"start":{"line":44,"column":0},"end":{"line":54,"column":2}},"21":{"start":{"line":45,"column":25},"end":{"line":45,"column":33}},"22":{"start":{"line":47,"column":29},"end":{"line":47,"column":71}},"23":{"start":{"line":48,"column":4},"end":{"line":51,"column":5}},"24":{"start":{"line":49,"column":8},"end":{"line":49,"column":50}},"25":{"start":{"line":50,"column":8},"end":{"line":50,"column":65}},"26":{"start":{"line":53,"column":4},"end":{"line":53,"column":54}},"27":{"start":{"line":55,"column":0},"end":{"line":55,"column":24}}},"fnMap":{"0":{"name":"(anonymous_0)","decl":{"start":{"line":10,"column":38},"end":{"line":10,"column":39}},"loc":{"start":{"line":10,"column":58},"end":{"line":17,"column":1}},"line":10},"1":{"name":"(anonymous_1)","decl":{"start":{"line":11,"column":40},"end":{"line":11,"column":41}},"loc":{"start":{"line":11,"column":50},"end":{"line":15,"column":5}},"line":11},"2":{"name":"(anonymous_2)","decl":{"start":{"line":22,"column":45},"end":{"line":22,"column":46}},"loc":{"start":{"line":22,"column":64},"end":{"line":38,"column":60}},"line":22},"3":{"name":"(anonymous_3)","decl":{"start":{"line":26,"column":8},"end":{"line":26,"column":9}},"loc":{"start":{"line":26,"column":16},"end":{"line":27,"column":41}},"line":26},"4":{"name":"(anonymous_4)","decl":{"start":{"line":34,"column":49},"end":{"line":34,"column":50}},"loc":{"start":{"line":34,"column":57},"end":{"line":36,"column":66}},"line":34},"5":{"name":"(anonymous_5)","decl":{"start":{"line":44,"column":29},"end":{"line":44,"column":30}},"loc":{"start":{"line":44,"column":48},"end":{"line":54,"column":1}},"line":44}},"branchMap":{"0":{"loc":{"start":{"line":30,"column":4},"end":{"line":31,"column":61}},"type":"if","locations":[{"start":{"line":30,"column":4},"end":{"line":31,"column":61}},{"start":{"line":30,"column":4},"end":{"line":31,"column":61}}],"line":30},"1":{"loc":{"start":{"line":38,"column":4},"end":{"line":38,"column":58}},"type":"if","locations":[{"start":{"line":38,"column":4},"end":{"line":38,"column":58}},{"start":{"line":38,"column":4},"end":{"line":38,"column":58}}],"line":38},"2":{"loc":{"start":{"line":48,"column":4},"end":{"line":51,"column":5}},"type":"if","locations":[{"start":{"line":48,"column":4},"end":{"line":51,"column":5}},{"start":{"line":48,"column":4},"end":{"line":51,"column":5}}],"line":48}},"s":{"0":5,"1":5,"2":5,"3":5,"4":5,"5":1,"6":1,"7":1,"8":5,"9":1,"10":1,"11":0,"12":1,"13":0,"14":1,"15":1,"16":0,"17":0,"18":1,"19":1,"20":5,"21":2,"22":2,"23":2,"24":1,"25":1,"26":1,"27":5},"f":{"0":1,"1":1,"2":1,"3":0,"4":0,"5":2},"b":{"0":[0,1],"1":[1,0],"2":[1,1]},"_coverageSchema":"1a1c01bbd47fc00a2c39e90264f33305004495a9","hash":"118ba763d36b427c31353157e30bac65db8783d4"}
,"/Users/asadmahmood/Projects/Disaster-Management-System/server/routes/donor.js": {"path":"/Users/asadmahmood/Projects/Disaster-Management-System/server/routes/donor.js","statementMap":{"0":{"start":{"line":1,"column":13},"end":{"line":1,"column":42}},"1":{"start":{"line":2,"column":16},"end":{"line":2,"column":34}},"2":{"start":{"line":4,"column":15},"end":{"line":4,"column":31}},"3":{"start":{"line":6,"column":0},"end":{"line":8,"column":3}},"4":{"start":{"line":7,"column":4},"end":{"line":7,"column":51}},"5":{"start":{"line":10,"column":0},"end":{"line":10,"column":24}}},"fnMap":{"0":{"name":"(anonymous_0)","decl":{"start":{"line":6,"column":38},"end":{"line":6,"column":39}},"loc":{"start":{"line":6,"column":58},"end":{"line":8,"column":1}},"line":6}},"branchMap":{},"s":{"0":5,"1":5,"2":5,"3":5,"4":1,"5":5},"f":{"0":1},"b":{},"_coverageSchema":"1a1c01bbd47fc00a2c39e90264f33305004495a9","hash":"7ab97319d071737f77cad706cb3e187d5e78eb85"}
,"/Users/asadmahmood/Projects/Disaster-Management-System/server/routes/index.js": {"path":"/Users/asadmahmood/Projects/Disaster-Management-System/server/routes/index.js","statementMap":{"0":{"start":{"line":1,"column":16},"end":{"line":1,"column":34}},"1":{"start":{"line":2,"column":20},"end":{"line":2,"column":41}},"2":{"start":{"line":3,"column":17},"end":{"line":3,"column":35}},"3":{"start":{"line":4,"column":17},"end":{"line":4,"column":35}},"4":{"start":{"line":5,"column":17},"end":{"line":5,"column":35}},"5":{"start":{"line":6,"column":21},"end":{"line":6,"column":43}},"6":{"start":{"line":8,"column":15},"end":{"line":8,"column":31}},"7":{"start":{"line":10,"column":0},"end":{"line":10,"column":24}},"8":{"start":{"line":11,"column":0},"end":{"line":11,"column":21}},"9":{"start":{"line":12,"column":0},"end":{"line":12,"column":21}},"10":{"start":{"line":13,"column":0},"end":{"line":13,"column":21}},"11":{"start":{"line":14,"column":0},"end":{"line":14,"column":25}},"12":{"start":{"line":16,"column":0},"end":{"line":16,"column":24}}},"fnMap":{},"branchMap":{},"s":{"0":5,"1":5,"2":5,"3":5,"4":5,"5":5,"6":5,"7":5,"8":5,"9":5,"10":5,"11":5,"12":5},"f":{},"b":{},"_coverageSchema":"1a1c01bbd47fc00a2c39e90264f33305004495a9","hash":"f508aa2121cae3a86f3a1e4166f9b50dacc8a077"}
,"/Users/asadmahmood/Projects/Disaster-Management-System/server/routes/login.js": {"path":"/Users/asadmahmood/Projects/Disaster-Management-System/server/routes/login.js","statementMap":{"0":{"start":{"line":1,"column":16},"end":{"line":1,"column":34}},"1":{"start":{"line":2,"column":13},"end":{"line":2,"column":38}},"2":{"start":{"line":3,"column":12},"end":{"line":3,"column":35}},"3":{"start":{"line":5,"column":15},"end":{"line":5,"column":31}},"4":{"start":{"line":7,"column":0},"end":{"line":37,"column":3}},"5":{"start":{"line":8,"column":30},"end":{"line":8,"column":38}},"6":{"start":{"line":10,"column":24},"end":{"line":14,"column":3}},"7":{"start":{"line":12,"column":6},"end":{"line":12,"column":34}},"8":{"start":{"line":15,"column":2},"end":{"line":15,"column":20}},"9":{"start":{"line":16,"column":2},"end":{"line":17,"column":70}},"10":{"start":{"line":17,"column":4},"end":{"line":17,"column":70}},"11":{"start":{"line":19,"column":2},"end":{"line":20,"column":70}},"12":{"start":{"line":20,"column":4},"end":{"line":20,"column":70}},"13":{"start":{"line":22,"column":18},"end":{"line":30,"column":5}},"14":{"start":{"line":31,"column":19},"end":{"line":34,"column":3}},"15":{"start":{"line":36,"column":2},"end":{"line":36,"column":76}},"16":{"start":{"line":39,"column":0},"end":{"line":39,"column":24}}},"fnMap":{"0":{"name":"(anonymous_0)","decl":{"start":{"line":7,"column":22},"end":{"line":7,"column":23}},"loc":{"start":{"line":7,"column":42},"end":{"line":37,"column":1}},"line":7},"1":{"name":"(anonymous_1)","decl":{"start":{"line":11,"column":4},"end":{"line":11,"column":5}},"loc":{"start":{"line":11,"column":13},"end":{"line":13,"column":5}},"line":11}},"branchMap":{"0":{"loc":{"start":{"line":16,"column":2},"end":{"line":17,"column":70}},"type":"if","locations":[{"start":{"line":16,"column":2},"end":{"line":17,"column":70}},{"start":{"line":16,"column":2},"end":{"line":17,"column":70}}],"line":16},"1":{"loc":{"start":{"line":19,"column":2},"end":{"line":20,"column":70}},"type":"if","locations":[{"start":{"line":19,"column":2},"end":{"line":20,"column":70}},{"start":{"line":19,"column":2},"end":{"line":20,"column":70}}],"line":19}},"s":{"0":5,"1":5,"2":5,"3":5,"4":5,"5":8,"6":8,"7":0,"8":8,"9":8,"10":1,"11":7,"12":1,"13":6,"14":6,"15":6,"16":5},"f":{"0":8,"1":0},"b":{"0":[1,7],"1":[1,6]},"_coverageSchema":"1a1c01bbd47fc00a2c39e90264f33305004495a9","hash":"36dc1309a07a55946c99a113ec4b605bff279102"}
,"/Users/asadmahmood/Projects/Disaster-Management-System/server/routes/recipient.js": {"path":"/Users/asadmahmood/Projects/Disaster-Management-System/server/routes/recipient.js","statementMap":{"0":{"start":{"line":1,"column":13},"end":{"line":1,"column":42}},"1":{"start":{"line":2,"column":16},"end":{"line":2,"column":34}},"2":{"start":{"line":4,"column":15},"end":{"line":4,"column":31}},"3":{"start":{"line":6,"column":0},"end":{"line":8,"column":3}},"4":{"start":{"line":7,"column":4},"end":{"line":7,"column":55}},"5":{"start":{"line":10,"column":0},"end":{"line":10,"column":24}}},"fnMap":{"0":{"name":"(anonymous_0)","decl":{"start":{"line":6,"column":46},"end":{"line":6,"column":47}},"loc":{"start":{"line":6,"column":66},"end":{"line":8,"column":1}},"line":6}},"branchMap":{},"s":{"0":5,"1":5,"2":5,"3":5,"4":1,"5":5},"f":{"0":1},"b":{},"_coverageSchema":"1a1c01bbd47fc00a2c39e90264f33305004495a9","hash":"58096bf1072ab00bedc1297528f69298e099e4a8"}
,"/Users/asadmahmood/Projects/Disaster-Management-System/server/routes/register.js": {"path":"/Users/asadmahmood/Projects/Disaster-Management-System/server/routes/register.js","statementMap":{"0":{"start":{"line":1,"column":16},"end":{"line":1,"column":34}},"1":{"start":{"line":2,"column":13},"end":{"line":2,"column":38}},"2":{"start":{"line":4,"column":15},"end":{"line":4,"column":31}},"3":{"start":{"line":9,"column":0},"end":{"line":34,"column":2}},"4":{"start":{"line":10,"column":53},"end":{"line":10,"column":61}},"5":{"start":{"line":12,"column":28},"end":{"line":15,"column":5}},"6":{"start":{"line":14,"column":12},"end":{"line":14,"column":40}},"7":{"start":{"line":17,"column":4},"end":{"line":18,"column":71}},"8":{"start":{"line":18,"column":8},"end":{"line":18,"column":70}},"9":{"start":{"line":20,"column":29},"end":{"line":23,"column":5}},"10":{"start":{"line":22,"column":12},"end":{"line":22,"column":40}},"11":{"start":{"line":25,"column":4},"end":{"line":26,"column":69}},"12":{"start":{"line":26,"column":8},"end":{"line":26,"column":68}},"13":{"start":{"line":28,"column":18},"end":{"line":28,"column":70}},"14":{"start":{"line":29,"column":20},"end":{"line":31,"column":68}},"15":{"start":{"line":30,"column":8},"end":{"line":30,"column":36}},"16":{"start":{"line":31,"column":8},"end":{"line":31,"column":65}},"17":{"start":{"line":33,"column":4},"end":{"line":33,"column":65}},"18":{"start":{"line":33,"column":19},"end":{"line":33,"column":65}},"19":{"start":{"line":40,"column":0},"end":{"line":50,"column":2}},"20":{"start":{"line":41,"column":20},"end":{"line":41,"column":28}},"21":{"start":{"line":43,"column":28},"end":{"line":43,"column":64}},"22":{"start":{"line":44,"column":4},"end":{"line":47,"column":5}},"23":{"start":{"line":45,"column":8},"end":{"line":45,"column":44}},"24":{"start":{"line":46,"column":8},"end":{"line":46,"column":64}},"25":{"start":{"line":49,"column":4},"end":{"line":49,"column":53}},"26":{"start":{"line":52,"column":0},"end":{"line":52,"column":23}}},"fnMap":{"0":{"name":"(anonymous_0)","decl":{"start":{"line":9,"column":25},"end":{"line":9,"column":26}},"loc":{"start":{"line":9,"column":44},"end":{"line":34,"column":1}},"line":9},"1":{"name":"(anonymous_1)","decl":{"start":{"line":13,"column":8},"end":{"line":13,"column":9}},"loc":{"start":{"line":13,"column":16},"end":{"line":14,"column":41}},"line":13},"2":{"name":"(anonymous_2)","decl":{"start":{"line":21,"column":8},"end":{"line":21,"column":9}},"loc":{"start":{"line":21,"column":16},"end":{"line":22,"column":41}},"line":21},"3":{"name":"(anonymous_3)","decl":{"start":{"line":29,"column":47},"end":{"line":29,"column":48}},"loc":{"start":{"line":29,"column":55},"end":{"line":31,"column":67}},"line":29},"4":{"name":"(anonymous_4)","decl":{"start":{"line":40,"column":28},"end":{"line":40,"column":29}},"loc":{"start":{"line":40,"column":47},"end":{"line":50,"column":1}},"line":40}},"branchMap":{"0":{"loc":{"start":{"line":17,"column":4},"end":{"line":18,"column":71}},"type":"if","locations":[{"start":{"line":17,"column":4},"end":{"line":18,"column":71}},{"start":{"line":17,"column":4},"end":{"line":18,"column":71}}],"line":17},"1":{"loc":{"start":{"line":25,"column":4},"end":{"line":26,"column":69}},"type":"if","locations":[{"start":{"line":25,"column":4},"end":{"line":26,"column":69}},{"start":{"line":25,"column":4},"end":{"line":26,"column":69}}],"line":25},"2":{"loc":{"start":{"line":33,"column":4},"end":{"line":33,"column":65}},"type":"if","locations":[{"start":{"line":33,"column":4},"end":{"line":33,"column":65}},{"start":{"line":33,"column":4},"end":{"line":33,"column":65}}],"line":33},"3":{"loc":{"start":{"line":44,"column":4},"end":{"line":47,"column":5}},"type":"if","locations":[{"start":{"line":44,"column":4},"end":{"line":47,"column":5}},{"start":{"line":44,"column":4},"end":{"line":47,"column":5}}],"line":44}},"s":{"0":5,"1":5,"2":5,"3":5,"4":3,"5":3,"6":0,"7":3,"8":1,"9":2,"10":0,"11":2,"12":1,"13":1,"14":1,"15":0,"16":0,"17":1,"18":1,"19":5,"20":2,"21":2,"22":2,"23":1,"24":1,"25":1,"26":5},"f":{"0":3,"1":0,"2":0,"3":0,"4":2},"b":{"0":[1,2],"1":[1,1],"2":[1,0],"3":[1,1]},"_coverageSchema":"1a1c01bbd47fc00a2c39e90264f33305004495a9","hash":"63800422401e1618baa1ace78346d90c15700ba3"}
}
