TN:
SF:database/index.js
FN:13,(anonymous_0)
FN:17,(anonymous_1)
FNF:2
FNH:2
FNDA:4,(anonymous_0)
FNDA:5,(anonymous_1)
DA:1,5
DA:3,5
DA:13,5
DA:14,4
DA:17,5
DA:18,5
DA:19,5
DA:20,4
DA:22,0
DA:26,5
LF:10
LH:9
BRF:0
BRH:0
end_of_record
TN:
SF:middleware/auth.js
FN:5,auth
FN:11,(anonymous_1)
FNF:2
FNH:2
FNDA:60,auth
FNDA:23,(anonymous_1)
DA:1,5
DA:3,5
DA:7,60
DA:8,0
DA:11,60
DA:13,23
DA:16,23
DA:17,1
DA:23,22
DA:24,22
DA:25,21
DA:26,21
DA:28,1
DA:30,20
DA:32,1
DA:33,1
LF:16
LH:15
BRDA:5,0,0,0
BRDA:7,1,0,0
BRDA:7,1,1,60
BRDA:16,2,0,1
BRDA:16,2,1,22
BRDA:26,3,0,1
BRDA:26,3,1,20
BRDA:26,4,0,21
BRDA:26,4,1,21
BRF:9
BRH:7
end_of_record
TN:
SF:models/event.js
FNF:0
FNH:0
DA:1,5
DA:2,5
DA:4,5
DA:37,5
LF:4
LH:4
BRF:0
BRH:0
end_of_record
TN:
SF:models/pledge.js
FNF:0
FNH:0
DA:1,5
DA:2,5
DA:4,5
DA:14,5
LF:4
LH:4
BRF:0
BRH:0
end_of_record
TN:
SF:models/request.js
FNF:0
FNH:0
DA:1,5
DA:2,5
DA:4,5
DA:18,5
LF:4
LH:4
BRF:0
BRH:0
end_of_record
TN:
SF:models/user.js
FNF:0
FNH:0
DA:1,5
DA:2,5
DA:4,5
DA:27,5
LF:4
LH:4
BRF:0
BRH:0
end_of_record
TN:
SF:routes/admin.js
FN:10,(anonymous_0)
FN:11,(anonymous_1)
FN:22,(anonymous_2)
FN:49,(anonymous_3)
FN:61,(anonymous_4)
FN:73,(anonymous_5)
FN:77,(anonymous_6)
FN:89,(anonymous_7)
FN:101,(anonymous_8)
FNF:9
FNH:9
FNDA:1,(anonymous_0)
FNDA:1,(anonymous_1)
FNDA:5,(anonymous_2)
FNDA:1,(anonymous_3)
FNDA:1,(anonymous_4)
FNDA:1,(anonymous_5)
FNDA:1,(anonymous_6)
FNDA:2,(anonymous_7)
FNDA:10,(anonymous_8)
DA:1,5
DA:2,5
DA:3,5
DA:5,5
DA:10,5
DA:11,1
DA:13,1
DA:14,1
DA:22,5
DA:23,5
DA:32,5
DA:37,5
DA:43,5
DA:49,5
DA:50,1
DA:52,1
DA:61,1
DA:63,1
DA:64,1
DA:73,5
DA:74,1
DA:76,1
DA:77,1
DA:79,1
DA:80,1
DA:89,5
DA:90,2
DA:91,2
DA:92,2
DA:93,1
DA:95,1
DA:101,5
DA:102,10
DA:104,10
DA:105,10
DA:106,5
DA:107,5
DA:110,5
DA:112,5
LF:39
LH:39
BRDA:32,0,0,0
BRDA:32,0,1,5
BRDA:43,1,0,5
BRDA:43,1,1,0
BRDA:92,2,0,1
BRDA:92,2,1,1
BRDA:105,3,0,5
BRDA:105,3,1,5
BRF:8
BRH:6
end_of_record
TN:
SF:routes/donor.js
FN:8,(anonymous_0)
FN:10,(anonymous_1)
FN:17,(anonymous_2)
FN:29,(anonymous_3)
FN:36,(anonymous_4)
FN:40,(anonymous_5)
FN:47,(anonymous_6)
FN:53,(anonymous_7)
FN:54,(anonymous_8)
FN:60,(anonymous_9)
FNF:10
FNH:7
FNDA:1,(anonymous_0)
FNDA:1,(anonymous_1)
FNDA:1,(anonymous_2)
FNDA:1,(anonymous_3)
FNDA:0,(anonymous_4)
FNDA:0,(anonymous_5)
FNDA:0,(anonymous_6)
FNDA:1,(anonymous_7)
FNDA:1,(anonymous_8)
FNDA:1,(anonymous_9)
DA:1,5
DA:2,5
DA:3,5
DA:4,5
DA:6,5
DA:8,5
DA:10,1
DA:12,1
DA:13,1
DA:17,5
DA:18,1
DA:26,1
DA:27,1
DA:30,1
DA:36,5
DA:37,0
DA:39,0
DA:41,0
DA:44,0
DA:45,0
DA:48,0
DA:53,5
DA:54,1
DA:55,1
DA:56,1
DA:60,5
DA:61,1
DA:63,1
DA:69,1
DA:71,5
LF:30
LH:24
BRDA:26,0,0,1
BRDA:26,0,1,0
BRDA:44,1,0,0
BRDA:44,1,1,0
BRDA:69,2,0,1
BRDA:69,2,1,0
BRF:6
BRH:2
end_of_record
TN:
SF:routes/index.js
FNF:0
FNH:0
DA:1,5
DA:2,5
DA:3,5
DA:4,5
DA:5,5
DA:6,5
DA:8,5
DA:10,5
DA:11,5
DA:12,5
DA:13,5
DA:14,5
DA:16,5
LF:13
LH:13
BRF:0
BRH:0
end_of_record
TN:
SF:routes/login.js
FN:7,(anonymous_0)
FN:11,(anonymous_1)
FNF:2
FNH:1
FNDA:17,(anonymous_0)
FNDA:0,(anonymous_1)
DA:1,5
DA:2,5
DA:3,5
DA:5,5
DA:7,5
DA:8,17
DA:10,17
DA:12,0
DA:15,17
DA:16,17
DA:17,1
DA:19,16
DA:20,1
DA:22,15
DA:31,15
DA:36,15
DA:39,5
LF:17
LH:16
BRDA:16,0,0,1
BRDA:16,0,1,16
BRDA:19,1,0,1
BRDA:19,1,1,15
BRF:4
BRH:4
end_of_record
TN:
SF:routes/recipient.js
FN:8,(anonymous_0)
FN:9,(anonymous_1)
FN:17,(anonymous_2)
FN:21,(anonymous_3)
FN:29,(anonymous_4)
FNF:5
FNH:3
FNDA:2,(anonymous_0)
FNDA:2,(anonymous_1)
FNDA:4,(anonymous_2)
FNDA:0,(anonymous_3)
FNDA:0,(anonymous_4)
DA:1,5
DA:2,5
DA:3,5
DA:4,5
DA:6,5
DA:8,5
DA:9,2
DA:11,2
DA:12,2
DA:17,5
DA:18,4
DA:20,4
DA:22,0
DA:25,4
DA:26,2
DA:28,2
DA:29,2
DA:30,0
DA:31,0
DA:33,2
DA:36,5
LF:21
LH:18
BRDA:25,0,0,2
BRDA:25,0,1,2
BRDA:33,1,0,2
BRDA:33,1,1,0
BRF:4
BRH:3
end_of_record
TN:
SF:routes/register.js
FN:9,(anonymous_0)
FN:13,(anonymous_1)
FN:21,(anonymous_2)
FN:29,(anonymous_3)
FN:40,(anonymous_4)
FNF:5
FNH:2
FNDA:3,(anonymous_0)
FNDA:0,(anonymous_1)
FNDA:0,(anonymous_2)
FNDA:0,(anonymous_3)
FNDA:2,(anonymous_4)
DA:1,5
DA:2,5
DA:4,5
DA:9,5
DA:10,3
DA:12,3
DA:14,0
DA:17,3
DA:18,1
DA:20,2
DA:22,0
DA:25,2
DA:26,1
DA:28,1
DA:29,1
DA:30,0
DA:31,0
DA:33,1
DA:40,5
DA:41,2
DA:43,2
DA:44,2
DA:45,1
DA:46,1
DA:49,1
DA:52,5
LF:26
LH:22
BRDA:17,0,0,1
BRDA:17,0,1,2
BRDA:25,1,0,1
BRDA:25,1,1,1
BRDA:33,2,0,1
BRDA:33,2,1,0
BRDA:44,3,0,1
BRDA:44,3,1,1
BRF:8
BRH:7
end_of_record
