TN:
SF:database/index.js
FN:13,(anonymous_0)
FN:17,(anonymous_1)
FNF:2
FNH:2
FNDA:4,(anonymous_0)
FNDA:5,(anonymous_1)
DA:1,5
DA:3,5
DA:13,5
DA:14,4
DA:17,5
DA:18,5
DA:19,5
DA:20,4
DA:22,0
DA:26,5
LF:10
LH:9
BRF:0
BRH:0
end_of_record
TN:
SF:middleware/auth.js
FN:5,auth
FN:11,(anonymous_1)
FNF:2
FNH:2
FNDA:20,auth
FNDA:7,(anonymous_1)
DA:1,5
DA:3,5
DA:7,20
DA:8,0
DA:11,20
DA:13,7
DA:16,7
DA:17,1
DA:23,6
DA:24,6
DA:25,5
DA:26,5
DA:28,1
DA:30,4
DA:32,1
DA:33,1
LF:16
LH:15
BRDA:5,0,0,0
BRDA:7,1,0,0
BRDA:7,1,1,20
BRDA:16,2,0,1
BRDA:16,2,1,6
BRDA:26,3,0,1
BRDA:26,3,1,4
BRDA:26,4,0,5
BRDA:26,4,1,5
BRF:9
BRH:7
end_of_record
TN:
SF:models/event.js
FNF:0
FNH:0
DA:1,5
DA:2,5
DA:4,5
DA:33,5
LF:4
LH:4
BRF:0
BRH:0
end_of_record
TN:
SF:models/user.js
FNF:0
FNH:0
DA:1,5
DA:2,5
DA:4,5
DA:27,5
LF:4
LH:4
BRF:0
BRH:0
end_of_record
TN:
SF:routes/admin.js
FN:10,(anonymous_0)
FN:11,(anonymous_1)
FN:22,(anonymous_2)
FN:26,(anonymous_3)
FN:34,(anonymous_4)
FNF:5
FNH:3
FNDA:1,(anonymous_0)
FNDA:1,(anonymous_1)
FNDA:1,(anonymous_2)
FNDA:0,(anonymous_3)
FNDA:0,(anonymous_4)
DA:1,5
DA:2,5
DA:3,5
DA:5,5
DA:10,5
DA:11,1
DA:13,1
DA:14,1
DA:22,5
DA:23,1
DA:25,1
DA:27,0
DA:30,1
DA:31,0
DA:33,1
DA:34,1
DA:35,0
DA:36,0
DA:38,1
DA:40,5
LF:20
LH:16
BRDA:30,0,0,0
BRDA:30,0,1,1
BRDA:38,1,0,1
BRDA:38,1,1,0
BRF:4
BRH:2
end_of_record
TN:
SF:routes/donor.js
FN:6,(anonymous_0)
FNF:1
FNH:1
FNDA:1,(anonymous_0)
DA:1,5
DA:2,5
DA:4,5
DA:6,5
DA:7,1
DA:10,5
LF:6
LH:6
BRF:0
BRH:0
end_of_record
TN:
SF:routes/index.js
FNF:0
FNH:0
DA:1,5
DA:2,5
DA:3,5
DA:4,5
DA:5,5
DA:6,5
DA:8,5
DA:10,5
DA:11,5
DA:12,5
DA:13,5
DA:14,5
DA:16,5
LF:13
LH:13
BRF:0
BRH:0
end_of_record
TN:
SF:routes/login.js
FN:7,(anonymous_0)
FN:11,(anonymous_1)
FNF:2
FNH:1
FNDA:8,(anonymous_0)
FNDA:0,(anonymous_1)
DA:1,5
DA:2,5
DA:3,5
DA:5,5
DA:7,5
DA:8,8
DA:10,8
DA:12,0
DA:15,8
DA:16,8
DA:17,1
DA:19,7
DA:20,1
DA:22,6
DA:31,6
DA:36,6
DA:39,5
LF:17
LH:16
BRDA:16,0,0,1
BRDA:16,0,1,7
BRDA:19,1,0,1
BRDA:19,1,1,6
BRF:4
BRH:4
end_of_record
TN:
SF:routes/recipient.js
FN:6,(anonymous_0)
FNF:1
FNH:1
FNDA:1,(anonymous_0)
DA:1,5
DA:2,5
DA:4,5
DA:6,5
DA:7,1
DA:10,5
LF:6
LH:6
BRF:0
BRH:0
end_of_record
TN:
SF:routes/register.js
FN:9,(anonymous_0)
FN:13,(anonymous_1)
FN:21,(anonymous_2)
FN:29,(anonymous_3)
FNF:4
FNH:1
FNDA:3,(anonymous_0)
FNDA:0,(anonymous_1)
FNDA:0,(anonymous_2)
FNDA:0,(anonymous_3)
DA:1,5
DA:2,5
DA:4,5
DA:9,5
DA:10,3
DA:12,3
DA:14,0
DA:17,3
DA:18,1
DA:20,2
DA:22,0
DA:25,2
DA:26,1
DA:28,1
DA:29,1
DA:30,0
DA:31,0
DA:33,1
DA:35,5
LF:19
LH:15
BRDA:17,0,0,1
BRDA:17,0,1,2
BRDA:25,1,0,1
BRDA:25,1,1,1
BRDA:33,2,0,1
BRDA:33,2,1,0
BRF:6
BRH:5
end_of_record
